<?xml version="1.0" encoding="UTF-8"?>
<!-- Generated by org.testng.reporters.JUnitXMLReporter -->
<testsuite hostname="Dell-PC" ignored="1" name="Default test" tests="4" failures="0" timestamp="16 Jan 2019 11:55:38 GMT" time="172.289" errors="0">
  <testcase name="b_EditNotification" time="61.173" classname="tests.TestNotificationFeature"/>
  <testcase name="c_InactivateNotification" time="34.717" classname="tests.TestNotificationFeature"/>
  <testcase name="d_ActivateNotification" time="6.974" classname="tests.TestNotificationFeature"/>
  <testcase name="f_DeleteNotificationInUse" time="63.949" classname="tests.TestNotificationFeature"/>
  <testcase name="a_AddNotification" time="0.0" classname="tests.TestNotificationFeature">
    <ignored/>
  </testcase> <!-- a_AddNotification -->
</testsuite> <!-- Default test -->
