<?xml version="1.0" encoding="UTF-8"?>
<!-- Generated by org.testng.reporters.JUnitXMLReporter -->
<testsuite ignored="0" hostname="Dell-PC" failures="0" tests="5" name="Test Cases" time="118.365" errors="0" timestamp="11 Dec 2018 18:13:58 GMT">
  <testcase classname="tests.TestEntityFeatures" name="a_AddEntity" time="38.396"/>
  <testcase classname="tests.TestEntityFeatures" name="b_EditEntity" time="48.249"/>
  <testcase classname="tests.TestEntityFeatures" name="c_Inactivate_Entity" time="10.857"/>
  <testcase classname="tests.TestEntityFeatures" name="d_Activate_Entity" time="8.314"/>
  <testcase classname="tests.TestEntityFeatures" name="e_Delete_Entity" time="8.355"/>
</testsuite> <!-- Test Cases -->
