<?xml version="1.0" encoding="UTF-8"?>
<testng-results skipped="0" failed="0" ignored="1" total="5" passed="4">
  <reporter-output>
    <line>
      <![CDATA[=====Chrome Browser Session Started=====]]>
    </line>
    <line>
      <![CDATA[=====Loading SatTrax Application=====]]>
    </line>
    <line>
      <![CDATA[=====SatTrax Application Started============]]>
    </line>
    <line>
      <![CDATA[=====TestCase Edit Notification Started=====]]>
    </line>
    <line>
      <![CDATA[Clicked on Notification sidebar link<br>]]>
    </line>
    <line>
      <![CDATA[Record found after matching the data in the grid Vehicle is Started On time<br>]]>
    </line>
    <line>
      <![CDATA[Clicked on Edit<br>]]>
    </line>
    <line>
      <![CDATA[DisplayNameVehicle is Started On time edited<br>]]>
    </line>
    <line>
      <![CDATA[Mail Subject Automated Edit Notification 01<br>]]>
    </line>
    <line>
      <![CDATA[Add Notification Form is filled with above details<br>]]>
    </line>
    <line>
      <![CDATA[Clicked on Save button<br>]]>
    </line>
    <line>
      <![CDATA[Vehicle is Started On time Data edited successfully<br>]]>
    </line>
    <line>
      <![CDATA[Vehicle is Started On time edited Data is available in the Grid Table<br>]]>
    </line>
    <line>
      <![CDATA[Vehicle is Started On time edited Notification Data edited successfully<br>]]>
    </line>
    <line>
      <![CDATA[Vehicle is Started On time edited Data is available in the Grid Table<br>]]>
    </line>
    <line>
      <![CDATA[Verification of Column Notification is successful. Actual Vehicle is Started On time edited Expected Vehicle is Started On time edited<br>]]>
    </line>
    <line>
      <![CDATA[Active Data is available in the Grid Table<br>]]>
    </line>
    <line>
      <![CDATA[Verification of Column Status is successful. Actual Active Expected Active<br>]]>
    </line>
    <line>
      <![CDATA[=====TestCase Edit Notification and Verification Completed=====]]>
    </line>
    <line>
      <![CDATA[Test is executed with the data set provided above<br>]]>
    </line>
    <line>
      <![CDATA[TestCase: b_EditNotification executed with the data set provided above<br>]]>
    </line>
    <line>
      <![CDATA[Screenshot is captured and placed at G:\SATTRAX\SatTrax_Automation\test-output\/screenshots/b_EditNotification_1.png<br>]]>
    </line>
    <line>
      <![CDATA[=====TestCase Inactivate Notification Started=====]]>
    </line>
    <line>
      <![CDATA[As we are already on Notification Page, ignoring the navigational click]]>
    </line>
    <line>
      <![CDATA[Record found after matching the data in the grid Vehicle is Started On time edited<br>]]>
    </line>
    <line>
      <![CDATA[Clicked on De Activate<br>]]>
    </line>
    <line>
      <![CDATA[Vehicle is Started On time edited Data not found in the Grid Table<br>no such element: Unable to locate element: {"method":"xpath","selector":".//*[@id='FlatGrid']//*[contains(@class,'e-gridcontent')]//table[@class='e-table']/tbody/tr[1]/td[0]"}
  (Session info: chrome=71.0.3578.98)
  (Driver info: chromedriver=2.43.600210 (68dcf5eebde37173d4027fa8635e332711d2874a),platform=Windows NT 6.3.9600 x86_64) (WARNING: The server did not provide any stacktrace information)
Command duration or timeout: 0 milliseconds
For documentation on this error, please visit: http://seleniumhq.org/exceptions/no_such_element.html
Build info: version: '3.14.0', revision: 'aacccce0', time: '2018-08-02T20:13:22.693Z'
System info: host: 'DELL-PC', ip: '192.168.1.6', os.name: 'Windows 8.1', os.arch: 'amd64', os.version: '6.3', java.version: '1.8.0_191'
Driver info: org.openqa.selenium.chrome.ChromeDriver
Capabilities {acceptInsecureCerts: false, acceptSslCerts: false, applicationCacheEnabled: false, browserConnectionEnabled: false, browserName: chrome, chrome: {chromedriverVersion: 2.43.600210 (68dcf5eebde371..., userDataDir: C:\Users\Anjana\AppData\Loc...}, cssSelectorsEnabled: true, databaseEnabled: false, goog:chromeOptions: {debuggerAddress: localhost:49420}, handlesAlerts: true, hasTouchScreen: false, javascriptEnabled: true, locationContextEnabled: true, mobileEmulationEnabled: false, nativeEvents: true, networkConnectionEnabled: false, pageLoadStrategy: normal, platform: XP, platformName: XP, rotatable: false, setWindowRect: true, takesHeapSnapshot: true, takesScreenshot: true, unexpectedAlertBehaviour: , unhandledPromptBehavior: , version: 71.0.3578.98, webStorageEnabled: true}
Session ID: a5dfd784d886c446ef7ab404cb70811c
*** Element info: {Using=xpath, value=.//*[@id='FlatGrid']//*[contains(@class,'e-gridcontent')]//table[@class='e-table']/tbody/tr[1]/td[0]}]]>
    </line>
    <line>
      <![CDATA[Test is executed with the data set provided above<br>]]>
    </line>
    <line>
      <![CDATA[TestCase: c_InactivateNotification executed with the data set provided above<br>]]>
    </line>
    <line>
      <![CDATA[Screenshot is captured and placed at G:\SATTRAX\SatTrax_Automation\test-output\/screenshots/c_InactivateNotification_2.png<br>]]>
    </line>
    <line>
      <![CDATA[=====TestCase Activate Notification Started=====]]>
    </line>
    <line>
      <![CDATA[As we are already on Notification Page, ignoring the navigational click]]>
    </line>
    <line>
      <![CDATA[Record found after matching the data in the grid Vehicle is Started On time edited<br>]]>
    </line>
    <line>
      <![CDATA[Clicked on Activate<br>]]>
    </line>
    <line>
      <![CDATA[Vehicle is Started On time edited Data is available in the Grid Table<br>]]>
    </line>
    <line>
      <![CDATA[Vehicle is Started On time edited Notification activated successfuly<br>]]>
    </line>
    <line>
      <![CDATA[Verified the status Active for the record Vehicle is Started On time edited]]>
    </line>
    <line>
      <![CDATA[=====TestCase Activate Notification Completed=====]]>
    </line>
    <line>
      <![CDATA[Test is executed with the data set provided above<br>]]>
    </line>
    <line>
      <![CDATA[TestCase: d_ActivateNotification executed with the data set provided above<br>]]>
    </line>
    <line>
      <![CDATA[Screenshot is captured and placed at G:\SATTRAX\SatTrax_Automation\test-output\/screenshots/d_ActivateNotification_3.png<br>]]>
    </line>
    <line>
      <![CDATA[=====TestCase Delete Notification In Use Started=====]]>
    </line>
    <line>
      <![CDATA[As we are already on Notification Page, ignoring the navigational click]]>
    </line>
    <line>
      <![CDATA[Vehicle is Started On time edited Data is available in the Grid Table<br>]]>
    </line>
    <line>
      <![CDATA[Record found after matching the data in the grid Vehicle is Started On time edited<br>]]>
    </line>
    <line>
      <![CDATA[Test is executed with the data set provided above<br>]]>
    </line>
    <line>
      <![CDATA[TestCase: f_DeleteNotificationInUse executed with the data set provided above<br>]]>
    </line>
    <line>
      <![CDATA[Screenshot is captured and placed at G:\SATTRAX\SatTrax_Automation\test-output\/screenshots/f_DeleteNotificationInUse_4.png<br>]]>
    </line>
    <line>
      <![CDATA[=====Browser Session End=====]]>
    </line>
  </reporter-output>
  <suite name="Regression Suite" duration-ms="172289" started-at="2019-01-16T11:52:46Z" finished-at="2019-01-16T11:55:38Z">
    <groups>
    </groups>
    <test name="Default test" duration-ms="172289" started-at="2019-01-16T11:52:46Z" finished-at="2019-01-16T11:55:38Z">
      <class name="tests.TestNotificationFeature">
        <test-method status="PASS" signature="intilization()[pri:0, instance:tests.TestNotificationFeature@3dfc5fb8]" name="intilization" is-config="true" duration-ms="16288" started-at="2019-01-16T11:52:29Z" finished-at="2019-01-16T11:52:46Z">
          <reporter-output>
            <line>
              <![CDATA[=====Chrome Browser Session Started=====]]>
            </line>
            <line>
              <![CDATA[=====Loading SatTrax Application=====]]>
            </line>
            <line>
              <![CDATA[=====SatTrax Application Started============]]>
            </line>
          </reporter-output>
        </test-method> <!-- intilization -->
        <test-method status="PASS" signature="b_EditNotification([Ljava.lang.Object;)[pri:2, instance:tests.TestNotificationFeature@3dfc5fb8]" name="b_EditNotification" duration-ms="61173" started-at="2019-01-16T11:52:48Z" data-provider="EditNotification" finished-at="2019-01-16T11:53:49Z">
          <params>
            <param index="0">
              <value>
                <![CDATA[[Ljava.lang.String;@29be7749]]>
              </value>
            </param>
          </params>
          <reporter-output>
            <line>
              <![CDATA[=====TestCase Edit Notification Started=====]]>
            </line>
            <line>
              <![CDATA[Clicked on Notification sidebar link<br>]]>
            </line>
            <line>
              <![CDATA[Record found after matching the data in the grid Vehicle is Started On time<br>]]>
            </line>
            <line>
              <![CDATA[Clicked on Edit<br>]]>
            </line>
            <line>
              <![CDATA[DisplayNameVehicle is Started On time edited<br>]]>
            </line>
            <line>
              <![CDATA[Mail Subject Automated Edit Notification 01<br>]]>
            </line>
            <line>
              <![CDATA[Add Notification Form is filled with above details<br>]]>
            </line>
            <line>
              <![CDATA[Clicked on Save button<br>]]>
            </line>
            <line>
              <![CDATA[Vehicle is Started On time Data edited successfully<br>]]>
            </line>
            <line>
              <![CDATA[Vehicle is Started On time edited Data is available in the Grid Table<br>]]>
            </line>
            <line>
              <![CDATA[Vehicle is Started On time edited Notification Data edited successfully<br>]]>
            </line>
            <line>
              <![CDATA[Vehicle is Started On time edited Data is available in the Grid Table<br>]]>
            </line>
            <line>
              <![CDATA[Verification of Column Notification is successful. Actual Vehicle is Started On time edited Expected Vehicle is Started On time edited<br>]]>
            </line>
            <line>
              <![CDATA[Active Data is available in the Grid Table<br>]]>
            </line>
            <line>
              <![CDATA[Verification of Column Status is successful. Actual Active Expected Active<br>]]>
            </line>
            <line>
              <![CDATA[=====TestCase Edit Notification and Verification Completed=====]]>
            </line>
          </reporter-output>
        </test-method> <!-- b_EditNotification -->
        <test-method status="PASS" signature="afterMethod(org.testng.ITestResult)[pri:0, instance:tests.TestNotificationFeature@3dfc5fb8]" name="afterMethod" is-config="true" duration-ms="769" started-at="2019-01-16T11:53:49Z" finished-at="2019-01-16T11:53:50Z">
          <params>
            <param index="0">
              <value>
                <![CDATA[[TestResult name=b_EditNotification status=SUCCESS method=TestNotificationFeature.b_EditNotification([Ljava.lang.Object;)[pri:2, instance:tests.TestNotificationFeature@3dfc5fb8] output======TestCase Edit Notification Started=====]]]>
              </value>
            </param>
          </params>
          <reporter-output>
            <line>
              <![CDATA[Test is executed with the data set provided above<br>]]>
            </line>
            <line>
              <![CDATA[TestCase: b_EditNotification executed with the data set provided above<br>]]>
            </line>
            <line>
              <![CDATA[Screenshot is captured and placed at G:\SATTRAX\SatTrax_Automation\test-output\/screenshots/b_EditNotification_1.png<br>]]>
            </line>
          </reporter-output>
        </test-method> <!-- afterMethod -->
        <test-method status="PASS" signature="c_InactivateNotification([Ljava.lang.Object;)[pri:3, instance:tests.TestNotificationFeature@3dfc5fb8]" name="c_InactivateNotification" duration-ms="34717" started-at="2019-01-16T11:53:50Z" data-provider="DeactivateNotification" finished-at="2019-01-16T11:54:25Z">
          <params>
            <param index="0">
              <value>
                <![CDATA[[Ljava.lang.String;@5f84abe8]]>
              </value>
            </param>
          </params>
          <reporter-output>
            <line>
              <![CDATA[=====TestCase Inactivate Notification Started=====]]>
            </line>
            <line>
              <![CDATA[As we are already on Notification Page, ignoring the navigational click]]>
            </line>
            <line>
              <![CDATA[Record found after matching the data in the grid Vehicle is Started On time edited<br>]]>
            </line>
            <line>
              <![CDATA[Clicked on De Activate<br>]]>
            </line>
            <line>
              <![CDATA[Vehicle is Started On time edited Data not found in the Grid Table<br>no such element: Unable to locate element: {"method":"xpath","selector":".//*[@id='FlatGrid']//*[contains(@class,'e-gridcontent')]//table[@class='e-table']/tbody/tr[1]/td[0]"}
  (Session info: chrome=71.0.3578.98)
  (Driver info: chromedriver=2.43.600210 (68dcf5eebde37173d4027fa8635e332711d2874a),platform=Windows NT 6.3.9600 x86_64) (WARNING: The server did not provide any stacktrace information)
Command duration or timeout: 0 milliseconds
For documentation on this error, please visit: http://seleniumhq.org/exceptions/no_such_element.html
Build info: version: '3.14.0', revision: 'aacccce0', time: '2018-08-02T20:13:22.693Z'
System info: host: 'DELL-PC', ip: '192.168.1.6', os.name: 'Windows 8.1', os.arch: 'amd64', os.version: '6.3', java.version: '1.8.0_191'
Driver info: org.openqa.selenium.chrome.ChromeDriver
Capabilities {acceptInsecureCerts: false, acceptSslCerts: false, applicationCacheEnabled: false, browserConnectionEnabled: false, browserName: chrome, chrome: {chromedriverVersion: 2.43.600210 (68dcf5eebde371..., userDataDir: C:\Users\Anjana\AppData\Loc...}, cssSelectorsEnabled: true, databaseEnabled: false, goog:chromeOptions: {debuggerAddress: localhost:49420}, handlesAlerts: true, hasTouchScreen: false, javascriptEnabled: true, locationContextEnabled: true, mobileEmulationEnabled: false, nativeEvents: true, networkConnectionEnabled: false, pageLoadStrategy: normal, platform: XP, platformName: XP, rotatable: false, setWindowRect: true, takesHeapSnapshot: true, takesScreenshot: true, unexpectedAlertBehaviour: , unhandledPromptBehavior: , version: 71.0.3578.98, webStorageEnabled: true}
Session ID: a5dfd784d886c446ef7ab404cb70811c
*** Element info: {Using=xpath, value=.//*[@id='FlatGrid']//*[contains(@class,'e-gridcontent')]//table[@class='e-table']/tbody/tr[1]/td[0]}]]>
            </line>
          </reporter-output>
        </test-method> <!-- c_InactivateNotification -->
        <test-method status="PASS" signature="afterMethod(org.testng.ITestResult)[pri:0, instance:tests.TestNotificationFeature@3dfc5fb8]" name="afterMethod" is-config="true" duration-ms="583" started-at="2019-01-16T11:54:25Z" finished-at="2019-01-16T11:54:26Z">
          <params>
            <param index="0">
              <value>
                <![CDATA[[TestResult name=c_InactivateNotification status=SUCCESS method=TestNotificationFeature.c_InactivateNotification([Ljava.lang.Object;)[pri:3, instance:tests.TestNotificationFeature@3dfc5fb8] output======TestCase Inactivate Notification Started=====]]]>
              </value>
            </param>
          </params>
          <reporter-output>
            <line>
              <![CDATA[Test is executed with the data set provided above<br>]]>
            </line>
            <line>
              <![CDATA[TestCase: c_InactivateNotification executed with the data set provided above<br>]]>
            </line>
            <line>
              <![CDATA[Screenshot is captured and placed at G:\SATTRAX\SatTrax_Automation\test-output\/screenshots/c_InactivateNotification_2.png<br>]]>
            </line>
          </reporter-output>
        </test-method> <!-- afterMethod -->
        <test-method status="PASS" signature="d_ActivateNotification([Ljava.lang.Object;)[pri:4, instance:tests.TestNotificationFeature@3dfc5fb8]" name="d_ActivateNotification" duration-ms="6974" started-at="2019-01-16T11:54:26Z" data-provider="ActivateNotification" finished-at="2019-01-16T11:54:33Z">
          <params>
            <param index="0">
              <value>
                <![CDATA[[Ljava.lang.String;@4650a407]]>
              </value>
            </param>
          </params>
          <reporter-output>
            <line>
              <![CDATA[=====TestCase Activate Notification Started=====]]>
            </line>
            <line>
              <![CDATA[As we are already on Notification Page, ignoring the navigational click]]>
            </line>
            <line>
              <![CDATA[Record found after matching the data in the grid Vehicle is Started On time edited<br>]]>
            </line>
            <line>
              <![CDATA[Clicked on Activate<br>]]>
            </line>
            <line>
              <![CDATA[Vehicle is Started On time edited Data is available in the Grid Table<br>]]>
            </line>
            <line>
              <![CDATA[Vehicle is Started On time edited Notification activated successfuly<br>]]>
            </line>
            <line>
              <![CDATA[Verified the status Active for the record Vehicle is Started On time edited]]>
            </line>
            <line>
              <![CDATA[=====TestCase Activate Notification Completed=====]]>
            </line>
          </reporter-output>
        </test-method> <!-- d_ActivateNotification -->
        <test-method status="PASS" signature="afterMethod(org.testng.ITestResult)[pri:0, instance:tests.TestNotificationFeature@3dfc5fb8]" name="afterMethod" is-config="true" duration-ms="573" started-at="2019-01-16T11:54:33Z" finished-at="2019-01-16T11:54:33Z">
          <params>
            <param index="0">
              <value>
                <![CDATA[[TestResult name=d_ActivateNotification status=SUCCESS method=TestNotificationFeature.d_ActivateNotification([Ljava.lang.Object;)[pri:4, instance:tests.TestNotificationFeature@3dfc5fb8] output======TestCase Activate Notification Started=====]]]>
              </value>
            </param>
          </params>
          <reporter-output>
            <line>
              <![CDATA[Test is executed with the data set provided above<br>]]>
            </line>
            <line>
              <![CDATA[TestCase: d_ActivateNotification executed with the data set provided above<br>]]>
            </line>
            <line>
              <![CDATA[Screenshot is captured and placed at G:\SATTRAX\SatTrax_Automation\test-output\/screenshots/d_ActivateNotification_3.png<br>]]>
            </line>
          </reporter-output>
        </test-method> <!-- afterMethod -->
        <test-method status="PASS" signature="f_DeleteNotificationInUse([Ljava.lang.Object;)[pri:5, instance:tests.TestNotificationFeature@3dfc5fb8]" name="f_DeleteNotificationInUse" duration-ms="63949" started-at="2019-01-16T11:54:33Z" data-provider="DeleteNotification" finished-at="2019-01-16T11:55:37Z">
          <params>
            <param index="0">
              <value>
                <![CDATA[[Ljava.lang.String;@30135202]]>
              </value>
            </param>
          </params>
          <reporter-output>
            <line>
              <![CDATA[=====TestCase Delete Notification In Use Started=====]]>
            </line>
            <line>
              <![CDATA[As we are already on Notification Page, ignoring the navigational click]]>
            </line>
            <line>
              <![CDATA[Vehicle is Started On time edited Data is available in the Grid Table<br>]]>
            </line>
            <line>
              <![CDATA[Record found after matching the data in the grid Vehicle is Started On time edited<br>]]>
            </line>
          </reporter-output>
        </test-method> <!-- f_DeleteNotificationInUse -->
        <test-method status="PASS" signature="afterMethod(org.testng.ITestResult)[pri:0, instance:tests.TestNotificationFeature@3dfc5fb8]" name="afterMethod" is-config="true" duration-ms="655" started-at="2019-01-16T11:55:37Z" finished-at="2019-01-16T11:55:38Z">
          <params>
            <param index="0">
              <value>
                <![CDATA[[TestResult name=f_DeleteNotificationInUse status=SUCCESS method=TestNotificationFeature.f_DeleteNotificationInUse([Ljava.lang.Object;)[pri:5, instance:tests.TestNotificationFeature@3dfc5fb8] output======TestCase Delete Notification In Use Started=====]]]>
              </value>
            </param>
          </params>
          <reporter-output>
            <line>
              <![CDATA[Test is executed with the data set provided above<br>]]>
            </line>
            <line>
              <![CDATA[TestCase: f_DeleteNotificationInUse executed with the data set provided above<br>]]>
            </line>
            <line>
              <![CDATA[Screenshot is captured and placed at G:\SATTRAX\SatTrax_Automation\test-output\/screenshots/f_DeleteNotificationInUse_4.png<br>]]>
            </line>
          </reporter-output>
        </test-method> <!-- afterMethod -->
        <test-method status="PASS" signature="afterSuite()[pri:0, instance:tests.TestNotificationFeature@3dfc5fb8]" name="afterSuite" is-config="true" duration-ms="667" started-at="2019-01-16T11:55:38Z" finished-at="2019-01-16T11:55:39Z">
          <reporter-output>
          </reporter-output>
        </test-method> <!-- afterSuite -->
        <test-method status="PASS" signature="closeApplication()[pri:0, instance:tests.TestNotificationFeature@3dfc5fb8]" name="closeApplication" is-config="true" duration-ms="723" started-at="2019-01-16T11:55:39Z" depends-on-methods="tests.TestNotificationFeature.afterSuite" finished-at="2019-01-16T11:55:40Z">
          <reporter-output>
            <line>
              <![CDATA[=====Browser Session End=====]]>
            </line>
          </reporter-output>
        </test-method> <!-- closeApplication -->
      </class> <!-- tests.TestNotificationFeature -->
    </test> <!-- Default test -->
  </suite> <!-- Regression Suite -->
</testng-results>
